<?xml version="1.0" encoding="UTF-8"?>
<!-- Generated by org.testng.reporters.JUnitXMLReporter -->
<testsuite hostname="DESKTOP-2EEMU5R" name="Default test" tests="2" failures="0" timestamp="18 Jun 2019 11:55:42 GMT" time="4.553" errors="0">
  <testcase name="homePageLoadedTest" time="1.097" classname="com.datamato.tests.ExistingAmazonCustomerTest"/>
  <testcase name="clickOnAlreadyACustomerButtonTest" time="3.436" classname="com.datamato.tests.ExistingAmazonCustomerTest"/>
</testsuite> <!-- Default test -->
