<?xml version="1.0" encoding="UTF-8"?>
<!-- Generated by org.testng.reporters.JUnitXMLReporter -->
<testsuite hostname="DESKTOP-2EEMU5R" name="Default test" tests="2" failures="0" timestamp="17 Jun 2019 07:32:47 GMT" time="0.986" errors="0">
  <testcase name="homePageLoadedTest" time="0.629" classname="com.datamato.tests.ExistingAmazonCustomerTest"/>
  <testcase name="clickOnAlreadyACustomerButtonTest" time="0.343" classname="com.datamato.tests.ExistingAmazonCustomerTest"/>
</testsuite> <!-- Default test -->
