<?xml version="1.0" encoding="UTF-8"?>
<!-- Generated by org.testng.reporters.JUnitXMLReporter -->
<testsuite hostname="DESKTOP-2EEMU5R" name="Amazon_App_Test" tests="4" failures="0" timestamp="18 Jun 2019 11:57:23 GMT" time="14.468" errors="0">
  <testcase name="homePageLoadedTest" time="1.167" classname="com.datamato.tests.ExistingAmazonCustomerTest"/>
  <testcase name="clickOnAlreadyACustomerButtonTest" time="3.423" classname="com.datamato.tests.ExistingAmazonCustomerTest"/>
  <testcase name="existingUserLoginPageLoadedTest" time="0.315" classname="com.datamato.tests.Exisiting_User_Login_Test"/>
  <testcase name="mobileNumberOREmailTest" time="9.531" classname="com.datamato.tests.Exisiting_User_Login_Test"/>
</testsuite> <!-- Amazon_App_Test -->
